Info: Start Nativelink Simulation process
Info: NativeLink has detected a mixed Verilog and VHDL design -- vhdl simulation models will be used

========= EDA Simulation Settings =====================

Sim Mode              :  RTL
Family                :  cycloneive
Quartus root          :  c:/intelfpga_lite/23.1std/quartus/bin64/
Quartus sim root      :  c:/intelfpga_lite/23.1std/quartus/eda/sim_lib
Simulation Tool       :  active-hdl
Simulation Language   :  vhdl
Version               :  93
Simulation Mode       :  GUI
Sim Output File       :  
Sim SDF file          :  
Sim dir               :  simulation\activehdl

=======================================================

Info: Starting NativeLink simulation with Active-HDL software
Sourced NativeLink script c:/intelfpga_lite/23.1std/quartus/common/tcl/internal/nativelink/active-hdl.tcl
Warning: File Timestamp_sim_rtl_vhdl.do already exists - backing up current file as Timestamp_sim_rtl_vhdl.do.bak5
Probing asim_log
Active-HDL Info: createdesign Timestamp C:/Quartus_Proyects/Timestamp/simulation/activehdl
Active-HDL Info: # Design Timestamp created
Active-HDL Info: opendesign -a Timestamp.adf
Active-HDL Info: # Design: Creating new workspace file: "C:\Quartus_Proyects\Timestamp\simulation\activehdl\Timestamp\Timestamp.aws"
Active-HDL Info: # Design: 10:22 AM, Sunday, March 31, 2024
Active-HDL Info: # Design: Opening design "C:\Quartus_Proyects\Timestamp\simulation\activehdl\Timestamp\Timestamp.adf"
Active-HDL Info: waveformmode ASDB
Active-HDL Info: alib  vhdl_libs/altera_vhdl
Active-HDL Info: # Library Manager: Library "altera_vhdl" attached.
Active-HDL Info: amap altera vhdl_libs/altera_vhdl
Active-HDL Info: # Library Manager: Library "altera" attached.
Active-HDL Info: acom -strict93 -dbg -work altera c:/intelfpga_lite/23.1std/quartus/eda/sim_lib/altera_syn_attributes.vhd
Active-HDL Info: # File: c:/intelfpga_lite/23.1std/quartus/eda/sim_lib/altera_syn_attributes.vhd
Active-HDL Info: # Compile Package "altera_syn_attributes"
Active-HDL Info: # Compile success 0 Errors 0 Warnings  Analysis time :  16.0 [ms]
Active-HDL Info: acom -strict93 -dbg -work altera c:/intelfpga_lite/23.1std/quartus/eda/sim_lib/altera_standard_functions.vhd
Active-HDL Info: # File: c:/intelfpga_lite/23.1std/quartus/eda/sim_lib/altera_standard_functions.vhd
Active-HDL Info: # Compile Package "altera_standard_functions"
Active-HDL Info: # Compile Package Body "altera_standard_functions"
Active-HDL Info: # Compile success 0 Errors 0 Warnings  Analysis time :  32.0 [ms]
Active-HDL Info: acom -strict93 -dbg -work altera c:/intelfpga_lite/23.1std/quartus/eda/sim_lib/alt_dspbuilder_package.vhd
Active-HDL Info: # File: c:/intelfpga_lite/23.1std/quartus/eda/sim_lib/alt_dspbuilder_package.vhd
Active-HDL Info: # Compile Package "alt_dspbuilder_package"
Active-HDL Info: # Compile Package Body "alt_dspbuilder_package"
Active-HDL Info: # Compile success 0 Errors 0 Warnings  Analysis time :  0.2 [s]
Active-HDL Info: acom -strict93 -dbg -work altera c:/intelfpga_lite/23.1std/quartus/eda/sim_lib/altera_europa_support_lib.vhd
Active-HDL Info: # File: c:/intelfpga_lite/23.1std/quartus/eda/sim_lib/altera_europa_support_lib.vhd
Active-HDL Info: # Compile Package "altera_europa_support_lib"
Active-HDL Info: # Compile Package Body "altera_europa_support_lib"
Active-HDL Info: # Compile success 0 Errors 0 Warnings  Analysis time :  0.2 [s]
Active-HDL Info: acom -strict93 -dbg -work altera c:/intelfpga_lite/23.1std/quartus/eda/sim_lib/altera_primitives_components.vhd
Active-HDL Info: # File: c:/intelfpga_lite/23.1std/quartus/eda/sim_lib/altera_primitives_components.vhd
Active-HDL Info: # Compile Package "dffeas_pack"
Active-HDL Info: # Compile Package "altera_primitives_components"
Active-HDL Info: # Compile success 0 Errors 0 Warnings  Analysis time :  47.0 [ms]
Active-HDL Info: acom -strict93 -dbg -work altera c:/intelfpga_lite/23.1std/quartus/eda/sim_lib/altera_primitives.vhd
Active-HDL Info: # File: c:/intelfpga_lite/23.1std/quartus/eda/sim_lib/altera_primitives.vhd
Active-HDL Info: # Compile Entity "GLOBAL"
Active-HDL Info: # Compile Architecture "BEHAVIOR" of Entity "GLOBAL"
Active-HDL Info: # Compile Entity "CARRY"
Active-HDL Info: # Compile Architecture "BEHAVIOR" of Entity "CARRY"
Active-HDL Info: # Compile Entity "CASCADE"
Active-HDL Info: # Compile Architecture "BEHAVIOR" of Entity "CASCADE"
Active-HDL Info: # Compile Entity "CARRY_SUM"
Active-HDL Info: # Compile Architecture "BEHAVIOR" of Entity "CARRY_SUM"
Active-HDL Info: # Compile Entity "EXP"
Active-HDL Info: # Compile Architecture "BEHAVIOR" of Entity "EXP"
Active-HDL Info: # Compile Entity "SOFT"
Active-HDL Info: # Compile Architecture "BEHAVIOR" of Entity "SOFT"
Active-HDL Info: # Compile Entity "OPNDRN"
Active-HDL Info: # Compile Architecture "BEHAVIOR" of Entity "OPNDRN"
Active-HDL Info: # Compile Entity "ROW_GLOBAL"
Active-HDL Info: # Compile Architecture "BEHAVIOR" of Entity "ROW_GLOBAL"
Active-HDL Info: # Compile Entity "TRI"
Active-HDL Info: # Compile Architecture "BEHAVIOR" of Entity "TRI"
Active-HDL Info: # Compile Entity "LUT_INPUT"
Active-HDL Info: # Compile Architecture "BEHAVIOR" of Entity "LUT_INPUT"
Active-HDL Info: # Compile Entity "LUT_OUTPUT"
Active-HDL Info: # Compile Architecture "BEHAVIOR" of Entity "LUT_OUTPUT"
Active-HDL Info: # Compile Entity "latch"
Active-HDL Info: # Compile Architecture "BEHAVIOR" of Entity "latch"
Active-HDL Info: # Compile Entity "dlatch"
Active-HDL Info: # Compile Architecture "BEHAVIOR" of Entity "dlatch"
Active-HDL Info: # Compile Entity "PRIM_GDFF"
Active-HDL Info: # Compile Architecture "BEHAVIOR" of Entity "PRIM_GDFF"
Active-HDL Info: # Compile Entity "DFF"
Active-HDL Info: # Compile Architecture "BEHAVIOR" of Entity "DFF"
Active-HDL Info: # Compile Entity "DFFE"
Active-HDL Info: # Compile Architecture "BEHAVIOR" of Entity "DFFE"
Active-HDL Info: # Compile Entity "DFFEA"
Active-HDL Info: # Compile Architecture "BEHAVIOR" of Entity "DFFEA"
Active-HDL Info: # Compile Entity "DFFEAS"
Active-HDL Info: # Compile Architecture "vital_dffeas" of Entity "dffeas"
Active-HDL Info: # Compile Entity "PRIM_GTFF"
Active-HDL Info: # Compile Architecture "BEHAVIOR" of Entity "PRIM_GTFF"
Active-HDL Info: # Compile Entity "TFF"
Active-HDL Info: # Compile Architecture "BEHAVIOR" of Entity "TFF"
Active-HDL Info: # Compile Entity "TFFE"
Active-HDL Info: # Compile Architecture "BEHAVIOR" of Entity "TFFE"
Active-HDL Info: # Compile Entity "PRIM_GJKFF"
Active-HDL Info: # Compile Architecture "BEHAVIOR" of Entity "PRIM_GJKFF"
Active-HDL Info: # Compile Entity "JKFF"
Active-HDL Info: # Compile Architecture "BEHAVIOR" of Entity "JKFF"
Active-HDL Info: # Compile Entity "JKFFE"
Active-HDL Info: # Compile Architecture "BEHAVIOR" of Entity "JKFFE"
Active-HDL Info: # Compile Entity "PRIM_GSRFF"
Active-HDL Info: # Compile Architecture "BEHAVIOR" of Entity "PRIM_GSRFF"
Active-HDL Info: # Compile Entity "SRFF"
Active-HDL Info: # Compile Architecture "BEHAVIOR" of Entity "SRFF"
Active-HDL Info: # Compile Entity "SRFFE"
Active-HDL Info: # Compile Architecture "BEHAVIOR" of Entity "SRFFE"
Active-HDL Info: # Compile Entity "clklock"
Active-HDL Info: # Compile Architecture "behavior" of Entity "clklock"
Active-HDL Info: # Compile Entity "alt_inbuf"
Active-HDL Info: # Compile Architecture "BEHAVIOR" of Entity "alt_inbuf"
Active-HDL Info: # Compile Entity "alt_outbuf"
Active-HDL Info: # Compile Architecture "BEHAVIOR" of Entity "alt_outbuf"
Active-HDL Info: # Compile Entity "alt_outbuf_tri"
Active-HDL Info: # Compile Architecture "BEHAVIOR" of Entity "alt_outbuf_tri"
Active-HDL Info: # Compile Entity "alt_iobuf"
Active-HDL Info: # Compile Architecture "BEHAVIOR" of Entity "alt_iobuf"
Active-HDL Info: # Compile Entity "alt_inbuf_diff"
Active-HDL Info: # Compile Architecture "BEHAVIOR" of Entity "alt_inbuf_diff"
Active-HDL Info: # Compile Entity "alt_outbuf_diff"
Active-HDL Info: # Compile Architecture "BEHAVIOR" of Entity "alt_outbuf_diff"
Active-HDL Info: # Compile Entity "alt_outbuf_tri_diff"
Active-HDL Info: # Compile Architecture "BEHAVIOR" of Entity "alt_outbuf_tri_diff"
Active-HDL Info: # Compile Entity "alt_iobuf_diff"
Active-HDL Info: # Compile Architecture "BEHAVIOR" of Entity "alt_iobuf_diff"
Active-HDL Info: # Compile Entity "alt_bidir_diff"
Active-HDL Info: # Compile Architecture "BEHAVIOR" of Entity "alt_bidir_diff"
Active-HDL Info: # Compile Entity "alt_bidir_buf"
Active-HDL Info: # Compile Architecture "BEHAVIOR" of Entity "alt_bidir_buf"
Active-HDL Info: # Compile success 0 Errors 0 Warnings  Analysis time :  0.6 [s]
Active-HDL Info: alib  vhdl_libs/lpm_vhdl
Active-HDL Info: # Library Manager: Library "lpm_vhdl" attached.
Active-HDL Info: amap lpm vhdl_libs/lpm_vhdl
Active-HDL Info: # Library Manager: Library "lpm" attached.
Active-HDL Info: acom -strict93 -dbg -work lpm c:/intelfpga_lite/23.1std/quartus/eda/sim_lib/220pack.vhd
Active-HDL Info: # File: c:/intelfpga_lite/23.1std/quartus/eda/sim_lib/220pack.vhd
Active-HDL Info: # Compile Package "LPM_COMPONENTS"
Active-HDL Info: # Compile success 0 Errors 0 Warnings  Analysis time :  15.0 [ms]
Active-HDL Info: acom -strict93 -dbg -work lpm c:/intelfpga_lite/23.1std/quartus/eda/sim_lib/220model.vhd
Active-HDL Info: # File: c:/intelfpga_lite/23.1std/quartus/eda/sim_lib/220model.vhd
Active-HDL Info: # Compile Package "LPM_COMMON_CONVERSION"
Active-HDL Info: # Compile Package Body "LPM_COMMON_CONVERSION"
Active-HDL Info: # Compile Package "LPM_HINT_EVALUATION"
Active-HDL Info: # Compile Package Body "LPM_HINT_EVALUATION"
Active-HDL Info: # Compile Package "LPM_DEVICE_FAMILIES"
Active-HDL Info: # Compile Package Body "LPM_DEVICE_FAMILIES"
Active-HDL Info: # Compile Entity "LPM_CONSTANT"
Active-HDL Info: # Compile Architecture "LPM_SYN" of Entity "LPM_CONSTANT"
Active-HDL Info: # Compile Entity "LPM_INV"
Active-HDL Info: # Compile Architecture "LPM_SYN" of Entity "LPM_INV"
Active-HDL Info: # Compile Entity "lpm_and"
Active-HDL Info: # Compile Architecture "LPM_SYN" of Entity "lpm_and"
Active-HDL Info: # Compile Entity "LPM_OR"
Active-HDL Info: # Compile Architecture "LPM_SYN" of Entity "LPM_OR"
Active-HDL Info: # Compile Entity "LPM_XOR"
Active-HDL Info: # Compile Architecture "LPM_SYN" of Entity "LPM_XOR"
Active-HDL Info: # Compile Entity "LPM_BUSTRI"
Active-HDL Info: # Compile Architecture "LPM_SYN" of Entity "LPM_BUSTRI"
Active-HDL Info: # Compile Entity "LPM_MUX"
Active-HDL Info: # Compile Architecture "LPM_SYN" of Entity "LPM_MUX"
Active-HDL Info: # Compile Entity "LPM_DECODE"
Active-HDL Info: # Compile Architecture "LPM_SYN" of Entity "LPM_DECODE"
Active-HDL Info: # Compile Entity "LPM_CLSHIFT"
Active-HDL Info: # Compile Architecture "LPM_SYN" of Entity "LPM_CLSHIFT"
Active-HDL Info: # Compile Entity "LPM_ADD_SUB_SIGNED"
Active-HDL Info: # Compile Architecture "LPM_SYN" of Entity "LPM_ADD_SUB_SIGNED"
Active-HDL Info: # Compile Entity "LPM_ADD_SUB_UNSIGNED"
Active-HDL Info: # Compile Architecture "LPM_SYN" of Entity "LPM_ADD_SUB_UNSIGNED"
Active-HDL Info: # Compile Entity "LPM_ADD_SUB"
Active-HDL Info: # Compile Architecture "LPM_SYN" of Entity "LPM_ADD_SUB"
Active-HDL Info: # Compile Entity "LPM_COMPARE_SIGNED"
Active-HDL Info: # Compile Architecture "LPM_SYN" of Entity "LPM_COMPARE_SIGNED"
Active-HDL Info: # Compile Entity "LPM_COMPARE_UNSIGNED"
Active-HDL Info: # Compile Architecture "LPM_SYN" of Entity "LPM_COMPARE_UNSIGNED"
Active-HDL Info: # Compile Entity "LPM_COMPARE"
Active-HDL Info: # Compile Architecture "LPM_SYN" of Entity "LPM_COMPARE"
Active-HDL Info: # Compile Entity "LPM_MULT"
Active-HDL Info: # Compile Architecture "LPM_SYN" of Entity "LPM_MULT"
Active-HDL Info: # Compile Entity "LPM_DIVIDE"
Active-HDL Info: # Compile Architecture "behave" of Entity "lpm_divide"
Active-HDL Info: # Compile Entity "lpm_abs"
Active-HDL Info: # Compile Architecture "LPM_SYN" of Entity "LPM_ABS"
Active-HDL Info: # Compile Entity "LPM_COUNTER"
Active-HDL Info: # Compile Architecture "LPM_SYN" of Entity "LPM_COUNTER"
Active-HDL Info: # Compile Entity "LPM_LATCH"
Active-HDL Info: # Compile Architecture "LPM_SYN" of Entity "LPM_LATCH"
Active-HDL Info: # Compile Entity "LPM_FF"
Active-HDL Info: # Compile Architecture "LPM_SYN" of Entity "LPM_FF"
Active-HDL Info: # Compile Entity "LPM_SHIFTREG"
Active-HDL Info: # Compile Architecture "LPM_SYN" of Entity "LPM_SHIFTREG"
Active-HDL Info: # Compile Entity "LPM_RAM_DQ"
Active-HDL Info: # Compile Architecture "LPM_SYN" of Entity "lpm_ram_dq"
Active-HDL Info: # Compile Entity "LPM_RAM_DP"
Active-HDL Info: # Compile Architecture "LPM_SYN" of Entity "LPM_RAM_DP"
Active-HDL Info: # Compile Entity "LPM_RAM_IO"
Active-HDL Info: # Compile Architecture "LPM_SYN" of Entity "lpm_ram_io"
Active-HDL Info: # Compile Entity "LPM_ROM"
Active-HDL Info: # Compile Architecture "LPM_SYN" of Entity "lpm_rom"
Active-HDL Info: # Compile Entity "LPM_FIFO"
Active-HDL Info: # Compile Architecture "behavior" of Entity "LPM_FIFO"
Active-HDL Info: # Compile Entity "LPM_FIFO_DC_DFFPIPE"
Active-HDL Info: # Compile Architecture "behavior" of Entity "LPM_FIFO_DC_DFFPIPE"
Active-HDL Info: # Compile Entity "LPM_FIFO_DC_FEFIFO"
Active-HDL Info: # Compile Architecture "behavior" of Entity "LPM_FIFO_DC_FEFIFO"
Active-HDL Info: # Compile Entity "LPM_FIFO_DC_ASYNC"
Active-HDL Info: # Compile Architecture "behavior" of Entity "LPM_FIFO_DC_ASYNC"
Active-HDL Info: # Compile Entity "LPM_FIFO_DC"
Active-HDL Info: # Compile Architecture "behavior" of Entity "LPM_FIFO_DC"
Active-HDL Info: # Compile Entity "LPM_INpad"
Active-HDL Info: # Compile Architecture "LPM_SYN" of Entity "LPM_INpad"
Active-HDL Info: # Compile Entity "LPM_OUTpad"
Active-HDL Info: # Compile Architecture "LPM_SYN" of Entity "LPM_OUTpad"
Active-HDL Info: # Compile Entity "LPM_BIpad"
Active-HDL Info: # Compile Architecture "LPM_SYN" of Entity "LPM_BIpad"
Active-HDL Info: # Compile success 0 Errors 0 Warnings  Analysis time :  2.0 [s]
Active-HDL Info: alib  vhdl_libs/sgate_vhdl
Active-HDL Info: # Library Manager: Library "sgate_vhdl" attached.
Active-HDL Info: amap sgate vhdl_libs/sgate_vhdl
Active-HDL Info: # Library Manager: Library "sgate" attached.
Active-HDL Info: acom -strict93 -dbg -work sgate c:/intelfpga_lite/23.1std/quartus/eda/sim_lib/sgate_pack.vhd
Active-HDL Info: # File: c:/intelfpga_lite/23.1std/quartus/eda/sim_lib/sgate_pack.vhd
Active-HDL Info: # Compile Package "sgate_pack"
Active-HDL Info: # Compile Package Body "sgate_pack"
Active-HDL Info: # Compile success 0 Errors 0 Warnings  Analysis time :  63.0 [ms]
Active-HDL Info: acom -strict93 -dbg -work sgate c:/intelfpga_lite/23.1std/quartus/eda/sim_lib/sgate.vhd
Active-HDL Info: # File: c:/intelfpga_lite/23.1std/quartus/eda/sim_lib/sgate.vhd
Active-HDL Info: # Compile Entity "oper_add"
Active-HDL Info: # Compile Architecture "sim_arch" of Entity "oper_add"
Active-HDL Info: # Compile Entity "oper_addsub"
Active-HDL Info: # Compile Architecture "sim_arch" of Entity "oper_addsub"
Active-HDL Info: # Compile Entity "mux21"
Active-HDL Info: # Compile Architecture "sim_arch" of Entity "mux21"
Active-HDL Info: # Compile Entity "io_buf_tri"
Active-HDL Info: # Compile Architecture "sim_arch" of Entity "io_buf_tri"
Active-HDL Info: # Compile Entity "io_buf_opdrn"
Active-HDL Info: # Compile Architecture "sim_arch" of Entity "io_buf_opdrn"
Active-HDL Info: # Compile Entity "tri_bus"
Active-HDL Info: # Compile Architecture "sim_arch" of Entity "tri_bus"
Active-HDL Info: # Compile Entity "oper_mult"
Active-HDL Info: # Compile Architecture "sim_arch" of Entity "oper_mult"
Active-HDL Info: # Compile Entity "oper_div"
Active-HDL Info: # Compile Architecture "sim_arch" of Entity "oper_div"
Active-HDL Info: # Compile Entity "oper_mod"
Active-HDL Info: # Compile Architecture "sim_arch" of Entity "oper_mod"
Active-HDL Info: # Compile Entity "oper_left_shift"
Active-HDL Info: # Compile Architecture "sim_arch" of Entity "oper_left_shift"
Active-HDL Info: # Compile Entity "oper_right_shift"
Active-HDL Info: # Compile Architecture "sim_arch" of Entity "oper_right_shift"
Active-HDL Info: # Compile Entity "oper_rotate_left"
Active-HDL Info: # Compile Architecture "sim_arch" of Entity "oper_rotate_left"
Active-HDL Info: # Compile Entity "oper_rotate_right"
Active-HDL Info: # Compile Architecture "sim_arch" of Entity "oper_rotate_right"
Active-HDL Info: # Compile Entity "oper_less_than"
Active-HDL Info: # Compile Architecture "sim_arch" of Entity "oper_less_than"
Active-HDL Info: # Compile Entity "oper_mux"
Active-HDL Info: # Compile Architecture "sim_arch" of Entity "oper_mux"
Active-HDL Info: # Compile Entity "oper_selector"
Active-HDL Info: # Compile Architecture "sim_arch" of Entity "oper_selector"
Active-HDL Info: # Compile Entity "oper_prio_selector"
Active-HDL Info: # Compile Architecture "sim_arch" of Entity "oper_prio_selector"
Active-HDL Info: # Compile Entity "oper_decoder"
Active-HDL Info: # Compile Architecture "sim_arch" of Entity "oper_decoder"
Active-HDL Info: # Compile Entity "oper_bus_mux"
Active-HDL Info: # Compile Architecture "sim_arch" of Entity "oper_bus_mux"
Active-HDL Info: # Compile Entity "oper_latch"
Active-HDL Info: # Compile Architecture "sim_arch" of Entity "oper_latch"
Active-HDL Info: # Compile success 0 Errors 0 Warnings  Analysis time :  0.4 [s]
Active-HDL Info: alib  vhdl_libs/altera_mf_vhdl
Active-HDL Info: # Library Manager: Library "altera_mf_vhdl" attached.
Active-HDL Info: amap altera_mf vhdl_libs/altera_mf_vhdl
Active-HDL Info: # Library Manager: Library "altera_mf" attached.
Active-HDL Info: acom -strict93 -dbg -work altera_mf c:/intelfpga_lite/23.1std/quartus/eda/sim_lib/altera_mf_components.vhd
Active-HDL Info: # File: c:/intelfpga_lite/23.1std/quartus/eda/sim_lib/altera_mf_components.vhd
Active-HDL Info: # Compile Package "altera_mf_components"
Active-HDL Info: # Compile success 0 Errors 0 Warnings  Analysis time :  32.0 [ms]
Active-HDL Info: acom -strict93 -dbg -work altera_mf c:/intelfpga_lite/23.1std/quartus/eda/sim_lib/altera_mf.vhd
Active-HDL Info: # File: c:/intelfpga_lite/23.1std/quartus/eda/sim_lib/altera_mf.vhd
Active-HDL Info: # Compile Entity "LCELL"
Active-HDL Info: # Compile Architecture "BEHAVIOR" of Entity "LCELL"
Active-HDL Info: # Compile Package "ALTERA_COMMON_CONVERSION"
Active-HDL Info: # Compile Package Body "ALTERA_COMMON_CONVERSION"
Active-HDL Info: # Compile Package "ALTERA_MF_HINT_EVALUATION"
Active-HDL Info: # Compile Package Body "ALTERA_MF_HINT_EVALUATION"
Active-HDL Info: # Compile Package "ALTERA_DEVICE_FAMILIES"
Active-HDL Info: # Compile Package Body "ALTERA_DEVICE_FAMILIES"
Active-HDL Info: # Compile Package "MF_pllpack"
Active-HDL Info: # Compile Package Body "MF_pllpack"
Active-HDL Info: # Compile Entity "DFFP"
Active-HDL Info: # Compile Architecture "behave" of Entity "DFFP"
Active-HDL Info: # Compile Entity "pll_iobuf"
Active-HDL Info: # Compile Architecture "BEHAVIOR" of Entity "pll_iobuf"
Active-HDL Info: # Compile Entity "MF_m_cntr"
Active-HDL Info: # Compile Architecture "behave" of Entity "MF_m_cntr"
Active-HDL Info: # Compile Entity "MF_n_cntr"
Active-HDL Info: # Compile Architecture "behave" of Entity "MF_n_cntr"
Active-HDL Info: # Compile Entity "stx_scale_cntr"
Active-HDL Info: # Compile Architecture "behave" of Entity "stx_scale_cntr"
Active-HDL Info: # Compile Entity "MF_pll_reg"
Active-HDL Info: # Compile Architecture "behave" of Entity "MF_pll_reg"
Active-HDL Info: # Compile Entity "MF_stratix_pll"
Active-HDL Info: # Compile Architecture "vital_pll" of Entity "MF_stratix_pll"
Active-HDL Info: # Compile Entity "arm_m_cntr"
Active-HDL Info: # Compile Architecture "behave" of Entity "arm_m_cntr"
Active-HDL Info: # Compile Entity "arm_n_cntr"
Active-HDL Info: # Compile Architecture "behave" of Entity "arm_n_cntr"
Active-HDL Info: # Compile Entity "arm_scale_cntr"
Active-HDL Info: # Compile Architecture "behave" of Entity "arm_scale_cntr"
Active-HDL Info: # Compile Entity "MF_stratixii_pll"
Active-HDL Info: # Compile Architecture "vital_pll" of Entity "MF_stratixii_pll"
Active-HDL Info: # Compile Entity "MF_ttn_mn_cntr"
Active-HDL Info: # Compile Architecture "behave" of Entity "MF_ttn_mn_cntr"
Active-HDL Info: # Compile Entity "MF_ttn_scale_cntr"
Active-HDL Info: # Compile Architecture "behave" of Entity "MF_ttn_scale_cntr"
Active-HDL Info: # Compile Entity "MF_stratixiii_pll"
Active-HDL Info: # Compile Architecture "vital_pll" of Entity "MF_stratixiii_pll"
Active-HDL Info: # Compile Entity "MF_cda_mn_cntr"
Active-HDL Info: # Compile Architecture "behave" of Entity "MF_cda_mn_cntr"
Active-HDL Info: # Compile Entity "MF_cda_scale_cntr"
Active-HDL Info: # Compile Architecture "behave" of Entity "MF_cda_scale_cntr"
Active-HDL Info: # Compile Entity "MF_cycloneiii_pll"
Active-HDL Info: # Compile Architecture "vital_pll" of Entity "MF_cycloneiii_pll"
Active-HDL Info: # Compile Entity "MF_stingray_mn_cntr"
Active-HDL Info: # Compile Architecture "behave" of Entity "MF_stingray_mn_cntr"
Active-HDL Info: # Compile Entity "MF_stingray_post_divider"
Active-HDL Info: # Compile Architecture "behave" of Entity "MF_stingray_post_divider"
Active-HDL Info: # Compile Entity "MF_stingray_scale_cntr"
Active-HDL Info: # Compile Architecture "behave" of Entity "MF_stingray_scale_cntr"
Active-HDL Info: # Compile Entity "MF_cycloneiiigl_pll"
Active-HDL Info: # Compile Architecture "vital_pll" of Entity "MF_cycloneiiigl_pll"
Active-HDL Info: # Compile Entity "altpll"
Active-HDL Info: # Compile Architecture "behavior" of Entity "altpll"
Active-HDL Info: # Compile Entity "altaccumulate"
Active-HDL Info: # Compile Architecture "behaviour" of Entity "altaccumulate"
Active-HDL Info: # Compile Entity "altmult_accum"
Active-HDL Info: # Compile Architecture "behaviour" of Entity "altmult_accum"
Active-HDL Info: # Compile Entity "altmult_add"
Active-HDL Info: # Compile Architecture "behaviour" of Entity "altmult_add"
Active-HDL Info: # Compile Entity "altfp_mult"
Active-HDL Info: # Compile Architecture "behavior" of Entity "altfp_mult"
Active-HDL Info: # Compile Entity "altsqrt"
Active-HDL Info: # Compile Architecture "behavior" of Entity "altsqrt"
Active-HDL Info: # Compile Entity "altclklock"
Active-HDL Info: # Compile Architecture "behavior" of Entity "altclklock"
Active-HDL Info: # Compile Entity "altddio_in"
Active-HDL Info: # Compile Architecture "behave" of Entity "altddio_in"
Active-HDL Info: # Compile Entity "altddio_out"
Active-HDL Info: # Compile Architecture "behave" of Entity "altddio_out"
Active-HDL Info: # Compile Entity "altddio_bidir"
Active-HDL Info: # Compile Architecture "struct" of Entity "altddio_bidir"
Active-HDL Info: # Compile Entity "stratixii_lvds_rx"
Active-HDL Info: # Compile Architecture "behavior" of Entity "stratixii_lvds_rx"
Active-HDL Info: # Compile Entity "flexible_lvds_rx"
Active-HDL Info: # Compile Architecture "behavior" of Entity "flexible_lvds_rx"
Active-HDL Info: # Compile Entity "stratixiii_lvds_rx_dpa"
Active-HDL Info: # Compile Architecture "behavior" of Entity "stratixiii_lvds_rx_dpa"
Active-HDL Info: # Compile Entity "stratixv_local_clk_divider"
Active-HDL Info: # Compile Architecture "behavior" of Entity "stratixv_local_clk_divider"
Active-HDL Info: # Compile Entity "stratixiii_lvds_rx_channel"
Active-HDL Info: # Compile Architecture "behavior" of Entity "stratixiii_lvds_rx_channel"
Active-HDL Info: # Compile Entity "stratixiii_lvds_rx"
Active-HDL Info: # Compile Architecture "behavior" of Entity "stratixiii_lvds_rx"
Active-HDL Info: # Compile Entity "altlvds_rx"
Active-HDL Info: # Compile Architecture "behavior" of Entity "altlvds_rx"
Active-HDL Info: # Compile Entity "stratix_tx_outclk"
Active-HDL Info: # Compile Architecture "behavior" of Entity "stratix_tx_outclk"
Active-HDL Info: # Compile Entity "stratixii_tx_outclk"
Active-HDL Info: # Compile Architecture "behavior" of Entity "stratixii_tx_outclk"
Active-HDL Info: # Compile Entity "flexible_lvds_tx"
Active-HDL Info: # Compile Architecture "behavior" of Entity "flexible_lvds_tx"
Active-HDL Info: # Compile Entity "altlvds_tx"
Active-HDL Info: # Compile Architecture "behavior" of Entity "altlvds_tx"
Active-HDL Info: # Compile Entity "altdpram"
Active-HDL Info: # Compile Architecture "behavior" of Entity "altdpram"
Active-HDL Info: # Compile Entity "altsyncram"
Active-HDL Info: # Compile Architecture "translated" of Entity "altsyncram"
Active-HDL Info: # Compile Entity "alt3pram"
Active-HDL Info: # Compile Architecture "behavior" of Entity "alt3pram"
Active-HDL Info: # Compile Entity "parallel_add"
Active-HDL Info: # Compile Architecture "behaviour" of Entity "parallel_add"
Active-HDL Info: # Compile Entity "SCFIFO"
Active-HDL Info: # Compile Architecture "behavior" of Entity "SCFIFO"
Active-HDL Info: # Compile Entity "DCFIFO_DFFPIPE"
Active-HDL Info: # Compile Architecture "behavior" of Entity "DCFIFO_DFFPIPE"
Active-HDL Info: # Compile Entity "DCFIFO_FEFIFO"
Active-HDL Info: # Compile Architecture "behavior" of Entity "DCFIFO_FEFIFO"
Active-HDL Info: # Compile Entity "DCFIFO_ASYNC"
Active-HDL Info: # Compile Architecture "behavior" of Entity "DCFIFO_ASYNC"
Active-HDL Info: # Compile Entity "DCFIFO_SYNC"
Active-HDL Info: # Compile Architecture "behavior" of Entity "DCFIFO_SYNC"
Active-HDL Info: # Compile Entity "DCFIFO_LOW_LATENCY"
Active-HDL Info: # Compile Architecture "behavior" of Entity "DCFIFO_LOW_LATENCY"
Active-HDL Info: # Compile Entity "DCFIFO_MIXED_WIDTHS"
Active-HDL Info: # Compile Architecture "behavior" of Entity "DCFIFO_MIXED_WIDTHS"
Active-HDL Info: # Compile Entity "DCFIFO"
Active-HDL Info: # Compile Architecture "behavior" of Entity "DCFIFO"
Active-HDL Info: # Compile Entity "altshift_taps"
Active-HDL Info: # Compile Architecture "behavioural" of Entity "altshift_taps"
Active-HDL Info: # Compile Entity "A_GRAYCOUNTER"
Active-HDL Info: # Compile Architecture "behavior" of Entity "A_GRAYCOUNTER"
Active-HDL Info: # Compile Entity "altsquare"
Active-HDL Info: # Compile Architecture "altsquare_syn" of Entity "altsquare"
Active-HDL Info: # Compile Entity "altera_std_synchronizer"
Active-HDL Info: # Compile Architecture "behavioral" of Entity "altera_std_synchronizer"
Active-HDL Info: # Compile Entity "altera_std_synchronizer_bundle"
Active-HDL Info: # Compile Architecture "behavioral" of Entity "altera_std_synchronizer_bundle"
Active-HDL Info: # Compile Entity "alt_cal"
Active-HDL Info: # Compile Architecture "RTL" of Entity "alt_cal"
Active-HDL Info: # Compile Entity "alt_cal_mm"
Active-HDL Info: # Compile Architecture "RTL" of Entity "alt_cal_mm"
Active-HDL Info: # Compile Entity "alt_cal_c3gxb"
Active-HDL Info: # Compile Architecture "RTL" of Entity "alt_cal_c3gxb"
Active-HDL Info: # Compile Entity "alt_cal_sv"
Active-HDL Info: # Compile Architecture "RTL" of Entity "alt_cal_sv"
Active-HDL Info: # Compile Entity "alt_cal_av"
Active-HDL Info: # Compile Architecture "RTL" of Entity "alt_cal_av"
Active-HDL Info: # Compile Package "alt_aeq_s4_func"
Active-HDL Info: # Compile Package Body "alt_aeq_s4_func"
Active-HDL Info: # Compile Entity "alt_aeq_s4"
Active-HDL Info: # Compile Architecture "trans" of Entity "alt_aeq_s4"
Active-HDL Info: # Compile Package "alt_eyemon_func"
Active-HDL Info: # Compile Package Body "alt_eyemon_func"
Active-HDL Info: # Compile Entity "alt_eyemon"
Active-HDL Info: # Compile Architecture "trans" of Entity "alt_eyemon"
Active-HDL Info: # Compile Package "alt_dfe_func"
Active-HDL Info: # Compile Package Body "alt_dfe_func"
Active-HDL Info: # Compile Entity "alt_dfe"
Active-HDL Info: # Compile Architecture "trans" of Entity "alt_dfe"
Active-HDL Info: # Compile Package "SLD_NODE"
Active-HDL Info: # Compile Package Body "SLD_NODE"
Active-HDL Info: # Compile Entity "signal_gen"
Active-HDL Info: # Compile Architecture "simModel" of Entity "signal_gen"
Active-HDL Info: # Compile Entity "jtag_tap_controller"
Active-HDL Info: # Compile Architecture "FSM" of Entity "jtag_tap_controller"
Active-HDL Info: # Compile Entity "dummy_hub"
Active-HDL Info: # Compile Architecture "behavior" of Entity "dummy_hub"
Active-HDL Info: # Compile Entity "sld_virtual_jtag"
Active-HDL Info: # Compile Architecture "structural" of Entity "sld_virtual_jtag"
Active-HDL Info: # Compile Entity "sld_signaltap"
Active-HDL Info: # Compile Architecture "sim_sld_signaltap" of Entity "sld_signaltap"
Active-HDL Info: # Compile Entity "altstratixii_oct"
Active-HDL Info: # Compile Architecture "sim_altstratixii_oct" of Entity "altstratixii_oct"
Active-HDL Info: # Compile Entity "altparallel_flash_loader"
Active-HDL Info: # Compile Architecture "sim_altparallel_flash_loader" of Entity "altparallel_flash_loader"
Active-HDL Info: # Compile Entity "altserial_flash_loader"
Active-HDL Info: # Compile Architecture "sim_altserial_flash_loader" of Entity "altserial_flash_loader"
Active-HDL Info: # Compile Entity "alt_fault_injection"
Active-HDL Info: # Compile Architecture "sim_alt_fault_injection" of Entity "alt_fault_injection"
Active-HDL Info: # Compile Entity "sld_virtual_jtag_basic"
Active-HDL Info: # Compile Architecture "sim_sld_virtual_jtag_basic" of Entity "sld_virtual_jtag_basic"
Active-HDL Info: # Compile Entity "altsource_probe"
Active-HDL Info: # Compile Architecture "sim_altsource_probe" of Entity "altsource_probe"
Active-HDL Info: # Compile success 0 Errors 0 Warnings  Analysis time :  6.0 [s]
Active-HDL Info: alib  vhdl_libs/altera_lnsim_vhdl
Active-HDL Info: # Library Manager: Library "altera_lnsim_vhdl" attached.
Active-HDL Info: amap altera_lnsim vhdl_libs/altera_lnsim_vhdl
Active-HDL Info: # Library Manager: Library "altera_lnsim" attached.
Active-HDL Info: alog  -sv2k5 -dbg -msg 0 -work altera_lnsim c:/intelfpga_lite/23.1std/quartus/eda/sim_lib/altera_lnsim.sv
Active-HDL Warning: # Warning: VCP5090 ../../../../../../intelfpga_lite/23.1std/quartus/eda/sim_lib/altera_lnsim.sv : (1187, 37): Explicit lifetime definition is required for local variable "mega" initialized at declaration.
Active-HDL Info: # done
Active-HDL Info: acom -strict93 -dbg -work altera_lnsim c:/intelfpga_lite/23.1std/quartus/eda/sim_lib/altera_lnsim_components.vhd
Active-HDL Info: # File: c:/intelfpga_lite/23.1std/quartus/eda/sim_lib/altera_lnsim_components.vhd
Active-HDL Info: # Compile Package "altera_lnsim_components"
Active-HDL Info: # Compile success 0 Errors 0 Warnings  Analysis time :  94.0 [ms]
Active-HDL Info: alib  vhdl_libs/cycloneive_vhdl
Active-HDL Info: # Library Manager: Library "cycloneive_vhdl" attached.
Active-HDL Info: amap cycloneive vhdl_libs/cycloneive_vhdl
Active-HDL Info: # Library Manager: Library "cycloneive" attached.
Active-HDL Info: acom -strict93 -dbg -work cycloneive c:/intelfpga_lite/23.1std/quartus/eda/sim_lib/cycloneive_atoms.vhd
Active-HDL Info: # File: c:/intelfpga_lite/23.1std/quartus/eda/sim_lib/cycloneive_atoms.vhd
Active-HDL Info: # Compile Package "cycloneive_atom_pack"
Active-HDL Info: # Compile Package Body "cycloneive_atom_pack"
Active-HDL Info: # Compile Package "cycloneive_pllpack"
Active-HDL Info: # Compile Package Body "cycloneive_pllpack"
Active-HDL Info: # Compile Entity "cycloneive_dffe"
Active-HDL Info: # Compile Architecture "behave" of Entity "cycloneive_dffe"
Active-HDL Info: # Compile Entity "cycloneive_mux21"
Active-HDL Info: # Compile Architecture "AltVITAL" of Entity "cycloneive_mux21"
Active-HDL Info: # Compile Entity "cycloneive_mux41"
Active-HDL Info: # Compile Architecture "AltVITAL" of Entity "cycloneive_mux41"
Active-HDL Info: # Compile Entity "cycloneive_and1"
Active-HDL Info: # Compile Architecture "AltVITAL" of Entity "cycloneive_and1"
Active-HDL Info: # Compile Entity "cycloneive_lcell_comb"
Active-HDL Info: # Compile Architecture "vital_lcell_comb" of Entity "cycloneive_lcell_comb"
Active-HDL Info: # Compile Entity "cycloneive_routing_wire"
Active-HDL Info: # Compile Architecture "behave" of Entity "cycloneive_routing_wire"
Active-HDL Info: # Compile Entity "cycloneive_mn_cntr"
Active-HDL Info: # Compile Architecture "behave" of Entity "cycloneive_mn_cntr"
Active-HDL Info: # Compile Entity "cycloneive_scale_cntr"
Active-HDL Info: # Compile Architecture "behave" of Entity "cycloneive_scale_cntr"
Active-HDL Info: # Compile Entity "cycloneive_pll_reg"
Active-HDL Info: # Compile Architecture "behave" of Entity "cycloneive_pll_reg"
Active-HDL Info: # Compile Entity "cycloneive_pll"
Active-HDL Info: # Compile Architecture "vital_pll" of Entity "cycloneive_pll"
Active-HDL Info: # Compile Entity "cycloneive_ff"
Active-HDL Info: # Compile Architecture "vital_lcell_ff" of Entity "cycloneive_ff"
Active-HDL Info: # Compile Entity "cycloneive_ram_register"
Active-HDL Info: # Compile Architecture "reg_arch" of Entity "cycloneive_ram_register"
Active-HDL Info: # Compile Entity "cycloneive_ram_pulse_generator"
Active-HDL Info: # Compile Architecture "pgen_arch" of Entity "cycloneive_ram_pulse_generator"
Active-HDL Info: # Compile Entity "cycloneive_ram_block"
Active-HDL Info: # Compile Architecture "block_arch" of Entity "cycloneive_ram_block"
Active-HDL Warning: # Warning: ELBWRITE_0030: ../../../../../../intelfpga_lite/23.1std/quartus/eda/sim_lib/cycloneive_atoms.vhd : (5627, 0): Non resolved signal "be_mask_write" may have multiple sources.
Active-HDL Warning: # Warning: ELBWRITE_0030: ../../../../../../intelfpga_lite/23.1std/quartus/eda/sim_lib/cycloneive_atoms.vhd : (6229, 0): Non resolved signal "mem_invalidate" may have multiple sources.
Active-HDL Warning: # Warning: ELBWRITE_0030: ../../../../../../intelfpga_lite/23.1std/quartus/eda/sim_lib/cycloneive_atoms.vhd : (6231, 0): Non resolved signal "read_latch_invalidate" may have multiple sources.
Active-HDL Warning: # Warning: ELBWRITE_0030: ../../../../../../intelfpga_lite/23.1std/quartus/eda/sim_lib/cycloneive_atoms.vhd : (6237, 0): Non resolved signal "mem_invalidate_loc" may have multiple sources.
Active-HDL Warning: # Warning: ELBWRITE_0030: ../../../../../../intelfpga_lite/23.1std/quartus/eda/sim_lib/cycloneive_atoms.vhd : (6238, 0): Non resolved signal "read_latch_invalidate" may have multiple sources.
Active-HDL Info: # Compile Entity "cycloneive_mac_data_reg"
Active-HDL Info: # Compile Architecture "vital_cycloneive_mac_data_reg" of Entity "cycloneive_mac_data_reg"
Active-HDL Info: # Compile Entity "cycloneive_mac_sign_reg"
Active-HDL Info: # Compile Architecture "cycloneive_mac_sign_reg" of Entity "cycloneive_mac_sign_reg"
Active-HDL Info: # Compile Entity "cycloneive_mac_mult_internal"
Active-HDL Info: # Compile Architecture "vital_cycloneive_mac_mult_internal" of Entity "cycloneive_mac_mult_internal"
Active-HDL Info: # Compile Entity "cycloneive_mac_mult"
Active-HDL Info: # Compile Architecture "vital_cycloneive_mac_mult" of Entity "cycloneive_mac_mult"
Active-HDL Info: # Compile Entity "cycloneive_mac_out"
Active-HDL Info: # Compile Architecture "vital_cycloneive_mac_out" of Entity "cycloneive_mac_out"
Active-HDL Info: # Compile Entity "cycloneive_io_ibuf"
Active-HDL Info: # Compile Architecture "arch" of Entity "cycloneive_io_ibuf"
Active-HDL Info: # Compile Entity "cycloneive_io_obuf"
Active-HDL Info: # Compile Architecture "arch" of Entity "cycloneive_io_obuf"
Active-HDL Info: # Compile Entity "cycloneive_ddio_oe"
Active-HDL Info: # Compile Architecture "arch" of Entity "cycloneive_ddio_oe"
Active-HDL Info: # Compile Entity "cycloneive_latch"
Active-HDL Info: # Compile Architecture "vital_latch" of Entity "cycloneive_latch"
Active-HDL Info: # Compile Entity "cycloneive_ddio_out"
Active-HDL Info: # Compile Architecture "arch" of Entity "cycloneive_ddio_out"
Active-HDL Info: # Compile Entity "cycloneive_pseudo_diff_out"
Active-HDL Info: # Compile Architecture "arch" of Entity "cycloneive_pseudo_diff_out"
Active-HDL Info: # Compile Entity "cycloneive_io_pad"
Active-HDL Info: # Compile Architecture "arch" of Entity "cycloneive_io_pad"
Active-HDL Info: # Compile Entity "cycloneive_asmiblock"
Active-HDL Info: # Compile Architecture "behavior" of Entity "cycloneive_asmiblock"
Active-HDL Info: # Compile Entity "cycloneive_ena_reg"
Active-HDL Info: # Compile Architecture "behave" of Entity "cycloneive_ena_reg"
Active-HDL Info: # Compile Entity "cycloneive_clkctrl"
Active-HDL Info: # Compile Architecture "vital_clkctrl" of Entity "cycloneive_clkctrl"
Active-HDL Info: # Compile Entity "cycloneive_rublock"
Active-HDL Info: # Compile Architecture "architecture_rublock" of Entity "cycloneive_rublock"
Active-HDL Info: # Compile Entity "cycloneive_apfcontroller"
Active-HDL Info: # Compile Architecture "architecture_apfcontroller" of Entity "cycloneive_apfcontroller"
Active-HDL Info: # Compile Entity "cycloneive_termination"
Active-HDL Info: # Compile Architecture "cycloneive_termination_arch" of Entity "cycloneive_termination"
Active-HDL Info: # Compile Entity "cycloneive_jtag"
Active-HDL Info: # Compile Architecture "architecture_jtag" of Entity "cycloneive_jtag"
Active-HDL Info: # Compile Entity "cycloneive_crcblock"
Active-HDL Info: # Compile Architecture "architecture_crcblock" of Entity "cycloneive_crcblock"
Active-HDL Info: # Compile Entity "cycloneive_oscillator"
Active-HDL Info: # Compile Architecture "architecture_oscillator" of Entity "cycloneive_oscillator"
Active-HDL Info: # Compile success 0 Errors 5 Warnings  Analysis time :  1.0 [s]
Active-HDL Info: acom -strict93 -dbg -work cycloneive c:/intelfpga_lite/23.1std/quartus/eda/sim_lib/cycloneive_components.vhd
Active-HDL Info: # File: c:/intelfpga_lite/23.1std/quartus/eda/sim_lib/cycloneive_components.vhd
Active-HDL Info: # Compile Package "cycloneive_components"
Active-HDL Info: # Compile success 0 Errors 0 Warnings  Analysis time :  94.0 [ms]
Active-HDL Info: addfile -c -auto C:/Quartus_Proyects/Timestamp/db/pll_400mhz_altpll.v
Active-HDL Info: # Adding file C:\Quartus_Proyects\Timestamp\db\pll_400mhz_altpll.v ... Done
Active-HDL Info: addfile -c -auto C:/My_Designs/Timestamp/Timestamp/Timestamp/src/uart.vhd
Active-HDL Info: # Adding file C:\My_Designs\Timestamp\Timestamp\Timestamp\src\uart.vhd ... Done
Active-HDL Info: addfile -c -auto C:/My_Designs/Timestamp/Timestamp/Timestamp/src/ram_dual.vhd
Active-HDL Info: # Adding file C:\My_Designs\Timestamp\Timestamp\Timestamp\src\ram_dual.vhd ... Done
Active-HDL Info: addfile -c -auto C:/My_Designs/Timestamp/Timestamp/Timestamp/src/AFFD.vhd
Active-HDL Info: # Adding file C:\My_Designs\Timestamp\Timestamp\Timestamp\src\AFFD.vhd ... Done
Active-HDL Info: addfile -c -auto C:/My_Designs/Timestamp/Timestamp/Timestamp/src/FFD_N.vhd
Active-HDL Info: # Adding file C:\My_Designs\Timestamp\Timestamp\Timestamp\src\FFD_N.vhd ... Done
Active-HDL Info: addfile -c -auto C:/Quartus_Proyects/PLL_400MHZ/PLL_400MHZ.vhd
Active-HDL Info: # Adding file C:\Quartus_Proyects\PLL_400MHZ\PLL_400MHZ.vhd ... Done
Active-HDL Info: addfile -c -auto C:/My_Designs/Timestamp/Timestamp/Timestamp/src/restador_n.vhd
Active-HDL Info: # Adding file C:\My_Designs\Timestamp\Timestamp\Timestamp\src\restador_n.vhd ... Done
Active-HDL Info: addfile -c -auto C:/My_Designs/Timestamp/Timestamp/Timestamp/src/Zero_Count.vhd
Active-HDL Info: # Adding file C:\My_Designs\Timestamp\Timestamp\Timestamp\src\Zero_Count.vhd ... Done
Active-HDL Info: addfile -c -auto C:/My_Designs/Timestamp/Timestamp/Timestamp/src/Synchronizer.vhd
Active-HDL Info: # Adding file C:\My_Designs\Timestamp\Timestamp\Timestamp\src\Synchronizer.vhd ... Done
Active-HDL Info: addfile -c -auto C:/My_Designs/Timestamp/Timestamp/Timestamp/src/Shift_Left.vhd
Active-HDL Info: # Adding file C:\My_Designs\Timestamp\Timestamp\Timestamp\src\Shift_Left.vhd ... Done
Active-HDL Info: addfile -c -auto C:/My_Designs/Timestamp/Timestamp/Timestamp/src/Regs.vhd
Active-HDL Info: # Adding file C:\My_Designs\Timestamp\Timestamp\Timestamp\src\Regs.vhd ... Done
Active-HDL Info: addfile -c -auto C:/My_Designs/Timestamp/Timestamp/Timestamp/src/Global_P.vhd
Active-HDL Info: # Adding file C:\My_Designs\Timestamp\Timestamp\Timestamp\src\Global_P.vhd ... Done
Active-HDL Info: addfile -c -auto C:/My_Designs/Timestamp/Timestamp/Timestamp/src/Reg_N.vhd
Active-HDL Info: # Adding file C:\My_Designs\Timestamp\Timestamp\Timestamp\src\Reg_N.vhd ... Done
Active-HDL Info: addfile -c -auto C:/My_Designs/Timestamp/Timestamp/Timestamp/src/PLL.vhd
Active-HDL Info: # Adding file C:\My_Designs\Timestamp\Timestamp\Timestamp\src\PLL.vhd ... Done
Active-HDL Info: addfile -c -auto C:/My_Designs/Timestamp/Timestamp/Timestamp/src/mux_2a1.vhd
Active-HDL Info: # Adding file C:\My_Designs\Timestamp\Timestamp\Timestamp\src\mux_2a1.vhd ... Done
Active-HDL Info: addfile -c -auto C:/My_Designs/Timestamp/Timestamp/Timestamp/src/FReg.vhd
Active-HDL Info: # Adding file C:\My_Designs\Timestamp\Timestamp\Timestamp\src\FReg.vhd ... Done
Active-HDL Info: addfile -c -auto C:/My_Designs/Timestamp/Timestamp/Timestamp/src/Fine_Counter.vhd
Active-HDL Info: # Adding file C:\My_Designs\Timestamp\Timestamp\Timestamp\src\Fine_Counter.vhd ... Done
Active-HDL Info: addfile -c -auto C:/My_Designs/Timestamp/Timestamp/Timestamp/src/FFD.vhd
Active-HDL Info: # Adding file C:\My_Designs\Timestamp\Timestamp\Timestamp\src\FFD.vhd ... Done
Active-HDL Info: addfile -c -auto C:/My_Designs/Timestamp/Timestamp/Timestamp/src/Counter_N.vhd
Active-HDL Info: # Adding file C:\My_Designs\Timestamp\Timestamp\Timestamp\src\Counter_N.vhd ... Done
Active-HDL Info: addfile -c -auto C:/My_Designs/Timestamp/Timestamp/Timestamp/src/Coarse_Counter.vhd
Active-HDL Info: # Adding file C:\My_Designs\Timestamp\Timestamp\Timestamp\src\Coarse_Counter.vhd ... Done
Active-HDL Info: addfile -c -auto C:/My_Designs/Timestamp/Timestamp/Timestamp/src/Carry_Chain_N.vhd
Active-HDL Info: # Adding file C:\My_Designs\Timestamp\Timestamp\Timestamp\src\Carry_Chain_N.vhd ... Done
Active-HDL Info: addfile -c -auto C:/My_Designs/Timestamp/Timestamp/Timestamp/src/fsm_wr.vhd
Active-HDL Info: # Adding file C:\My_Designs\Timestamp\Timestamp\Timestamp\src\fsm_wr.vhd ... Done
Active-HDL Info: addfile -c -auto C:/My_Designs/Timestamp/Timestamp/Timestamp/src/Timestamp.vhd
Active-HDL Info: # Adding file C:\My_Designs\Timestamp\Timestamp\Timestamp\src\Timestamp.vhd ... Done
Active-HDL Info: addfile -c -auto C:/My_Designs/Timestamp/Timestamp/Timestamp/src/TDC.vhd
Active-HDL Info: # Adding file C:\My_Designs\Timestamp\Timestamp\Timestamp\src\TDC.vhd ... Done
Active-HDL Info: alog -O2 -sve -msg 5 -sv2k12 -work Timestamp $dsn/src/pll_400mhz_altpll.v
Active-HDL Info: # Pass 1. Scanning modules hierarchy.
Active-HDL Warning: # Warning: VCP2515 pll_400mhz_altpll.v : (81, 7): Undefined module: cycloneive_pll was used. Port connection rules will not be checked at such instantiations.
Active-HDL Info: # Pass 2. Processing instantiations.
Active-HDL Info: # Pass 3. Processing behavioral statements.
Active-HDL Info: # Running Optimizer.
Active-HDL Info: # ELB/DAG code generating.
Active-HDL Info: # Unit top modules: PLL_400MHZ_altpll.
Active-HDL Info: # $root top modules: PLL_400MHZ_altpll.
Active-HDL Info: # Compile success 0 Errors 1 Warnings  Analysis time: 0[s].
Active-HDL Warning: # Warning: ALOG: The source is compiled without the -dbg switch. Line breakpoints and assertion debug will not be available.
Active-HDL Info: # done
Active-HDL Info: acom -reorder -O3 -e 100 -work Timestamp -2002  $dsn/src/uart.vhd $dsn/src/ram_dual.vhd $dsn/src/AFFD.vhd $dsn/src/FFD_N.vhd $dsn/src/PLL_400MHZ.vhd $dsn/src/restador_n.vhd $dsn/src/Zero_Count.vhd $dsn/src/Synchronizer.vhd $dsn/src/Shift_Left.vhd $dsn/src/Regs.vhd $dsn/src/Global_P.vhd $dsn/src/Reg_N.vhd $dsn/src/PLL.vhd $dsn/src/mux_2a1.vhd $dsn/src/FReg.vhd $dsn/src/Fine_Counter.vhd $dsn/src/FFD.vhd $dsn/src/Counter_N.vhd $dsn/src/Coarse_Counter.vhd $dsn/src/Carry_Chain_N.vhd $dsn/src/fsm_wr.vhd $dsn/src/Timestamp.vhd $dsn/src/TDC.vhd
Active-HDL Warning: # Warning: DAGGEN_0523: The source is compiled without the -dbg switch. Line breakpoints and assertion debug will not be available.
Active-HDL Info: # File: C:/Quartus_Proyects/Timestamp/simulation/activehdl/Timestamp/src/uart.vhd
Active-HDL Info: # Compile Entity "uart"
Active-HDL Info: # Compile Architecture "logic" of Entity "uart"
Active-HDL Info: # File: C:/Quartus_Proyects/Timestamp/simulation/activehdl/Timestamp/src/ram_dual.vhd
Active-HDL Info: # Compile Package "ram_package"
Active-HDL Info: # Compile Entity "ram_dual"
Active-HDL Info: # Compile Architecture "rtl" of Entity "ram_dual"
Active-HDL Info: # File: C:/Quartus_Proyects/Timestamp/simulation/activehdl/Timestamp/src/AFFD.vhd
Active-HDL Info: # Compile Entity "AFFD"
Active-HDL Info: # Compile Architecture "fsm" of Entity "AFFD"
Active-HDL Info: # File: C:/Quartus_Proyects/Timestamp/simulation/activehdl/Timestamp/src/FFD_N.vhd
Active-HDL Info: # Compile Entity "FFD_N"
Active-HDL Info: # Compile Architecture "simple" of Entity "FFD_N"
Active-HDL Info: # File: C:/Quartus_Proyects/Timestamp/simulation/activehdl/Timestamp/src/PLL_400MHZ.vhd
Active-HDL Info: # Compile Entity "PLL_400MHZ"
Active-HDL Info: # Compile Architecture "SYN" of Entity "pll_400mhz"
Active-HDL Info: # File: C:/Quartus_Proyects/Timestamp/simulation/activehdl/Timestamp/src/restador_n.vhd
Active-HDL Info: # Compile Entity "restador_n"
Active-HDL Info: # Compile Architecture "aritmetica" of Entity "restador_n"
Active-HDL Info: # File: C:/Quartus_Proyects/Timestamp/simulation/activehdl/Timestamp/src/Zero_Count.vhd
Active-HDL Info: # Compile Entity "Zero_Count"
Active-HDL Info: # Compile Architecture "Behavioral" of Entity "Zero_Count"
Active-HDL Info: # File: C:/Quartus_Proyects/Timestamp/simulation/activehdl/Timestamp/src/Synchronizer.vhd
Active-HDL Info: # Compile Entity "Synchronizer"
Active-HDL Info: # Compile Architecture "Behavioral" of Entity "Synchronizer"
Active-HDL Info: # File: C:/Quartus_Proyects/Timestamp/simulation/activehdl/Timestamp/src/Shift_Left.vhd
Active-HDL Info: # Compile Entity "Shift_Left"
Active-HDL Info: # Compile Architecture "Behavioral" of Entity "Shift_Left"
Active-HDL Info: # File: C:/Quartus_Proyects/Timestamp/simulation/activehdl/Timestamp/src/Regs.vhd
Active-HDL Info: # Compile Entity "Regs"
Active-HDL Info: # Compile Architecture "Behavioral" of Entity "Regs"
Active-HDL Info: # File: C:/Quartus_Proyects/Timestamp/simulation/activehdl/Timestamp/src/Global_P.vhd
Active-HDL Info: # Compile Entity "Global_P"
Active-HDL Info: # Compile Architecture "Behavioral" of Entity "Global_P"
Active-HDL Info: # File: C:/Quartus_Proyects/Timestamp/simulation/activehdl/Timestamp/src/Reg_N.vhd
Active-HDL Info: # Compile Entity "Reg_N"
Active-HDL Info: # Compile Architecture "Behavioral" of Entity "Reg_N"
Active-HDL Info: # File: C:/Quartus_Proyects/Timestamp/simulation/activehdl/Timestamp/src/PLL.vhd
Active-HDL Info: # Compile Entity "PLL"
Active-HDL Info: # Compile Architecture "Behavioral" of Entity "PLL"
Active-HDL Info: # File: C:/Quartus_Proyects/Timestamp/simulation/activehdl/Timestamp/src/mux_2a1.vhd
Active-HDL Info: # Compile Entity "mux_2a1"
Active-HDL Info: # Compile Architecture "simple" of Entity "mux_2a1"
Active-HDL Info: # File: C:/Quartus_Proyects/Timestamp/simulation/activehdl/Timestamp/src/FReg.vhd
Active-HDL Info: # Compile Entity "FReg"
Active-HDL Info: # Compile Architecture "Behavioral" of Entity "FReg"
Active-HDL Info: # File: C:/Quartus_Proyects/Timestamp/simulation/activehdl/Timestamp/src/Fine_Counter.vhd
Active-HDL Info: # Compile Entity "Fine_Counter"
Active-HDL Info: # Compile Architecture "simple" of Entity "Fine_Counter"
Active-HDL Info: # File: C:/Quartus_Proyects/Timestamp/simulation/activehdl/Timestamp/src/FFD.vhd
Active-HDL Info: # Compile Entity "FFD"
Active-HDL Info: # Compile Architecture "simple" of Entity "FFD"
Active-HDL Info: # File: C:/Quartus_Proyects/Timestamp/simulation/activehdl/Timestamp/src/Counter_N.vhd
Active-HDL Info: # Compile Entity "Counter_N"
Active-HDL Info: # Compile Architecture "simple" of Entity "Counter_N"
Active-HDL Info: # File: C:/Quartus_Proyects/Timestamp/simulation/activehdl/Timestamp/src/Coarse_Counter.vhd
Active-HDL Info: # Compile Entity "Coarse_Counter"
Active-HDL Info: # Compile Architecture "simple" of Entity "Coarse_Counter"
Active-HDL Info: # File: C:/Quartus_Proyects/Timestamp/simulation/activehdl/Timestamp/src/Carry_Chain_N.vhd
Active-HDL Info: # Compile Entity "Carry_Chain_N"
Active-HDL Info: # Compile Architecture "Behavioral" of Entity "Carry_Chain_N"
Active-HDL Info: # File: C:/Quartus_Proyects/Timestamp/simulation/activehdl/Timestamp/src/fsm_wr.vhd
Active-HDL Info: # Compile Entity "fsm_wr"
Active-HDL Info: # Compile Architecture "fsm" of Entity "fsm_wr"
Active-HDL Info: # File: C:/Quartus_Proyects/Timestamp/simulation/activehdl/Timestamp/src/Timestamp.vhd
Active-HDL Info: # Compile Entity "Timestamp"
Active-HDL Info: # Compile Architecture "Behavioral" of Entity "Timestamp"
Active-HDL Info: # File: C:/Quartus_Proyects/Timestamp/simulation/activehdl/Timestamp/src/TDC.vhd
Active-HDL Info: # Compile Entity "TDC"
Active-HDL Info: # Compile Architecture "Behavioral" of Entity "TDC"
Active-HDL Info: # Incorrect order of units detected.
Active-HDL Info: # Automatic reorder and incremental recompilation of required units in progress.
Active-HDL Info: # Top-level unit(s) detected:
Active-HDL Info: # Entity => Timestamp
Active-HDL Info: # File: C:/Quartus_Proyects/Timestamp/simulation/activehdl/Timestamp/src/Fine_Counter.vhd
Active-HDL Info: # Compile Architecture "simple" of Entity "Fine_Counter"
Active-HDL Info: # File: C:/Quartus_Proyects/Timestamp/simulation/activehdl/Timestamp/src/PLL.vhd
Active-HDL Info: # Compile Architecture "Behavioral" of Entity "PLL"
Active-HDL Info: # File: C:/Quartus_Proyects/Timestamp/simulation/activehdl/Timestamp/src/Regs.vhd
Active-HDL Info: # Compile Architecture "Behavioral" of Entity "Regs"
Active-HDL Info: # File: C:/Quartus_Proyects/Timestamp/simulation/activehdl/Timestamp/src/Synchronizer.vhd
Active-HDL Info: # Compile Architecture "Behavioral" of Entity "Synchronizer"
Active-HDL Info: # File: C:/Quartus_Proyects/Timestamp/simulation/activehdl/Timestamp/src/Global_P.vhd
Active-HDL Info: # Compile Architecture "Behavioral" of Entity "Global_P"
Active-HDL Info: # File: C:/Quartus_Proyects/Timestamp/simulation/activehdl/Timestamp/src/Timestamp.vhd
Active-HDL Info: # Compile Architecture "Behavioral" of Entity "Timestamp"
Active-HDL Info: # Compile success 0 Errors 0 Warnings  Analysis time :  0.9 [s]
Active-HDL Info: # ELBREAD: Elaboration process.
Active-HDL Info: # ELBREAD: Elaboration time 0.2 [s].
Info: NativeLink simulation flow was successful
